Arguments: 
  /usr/local/bin/node /usr/share/yarn/bin/yarn.js add concurently nodemon prettier eslint

PATH: 
  /home/adam/.local/bin:/usr/local/sbin:/usr/local/bin:/usr/sbin:/usr/bin:/sbin:/bin:/usr/games:/usr/local/games:/snap/bin:/home/adam/Android/Sdk/platform-tools

Yarn version: 
  1.22.5

Node version: 
  15.2.1

Platform: 
  linux x64

Trace: 
  Error: https://registry.yarnpkg.com/concurently: Not found
      at Request.params.callback [as _callback] (/usr/share/yarn/lib/cli.js:66988:18)
      at Request.self.callback (/usr/share/yarn/lib/cli.js:140749:22)
      at Request.emit (node:events:329:20)
      at Request.<anonymous> (/usr/share/yarn/lib/cli.js:141721:10)
      at Request.emit (node:events:329:20)
      at IncomingMessage.<anonymous> (/usr/share/yarn/lib/cli.js:141643:12)
      at Object.onceWrapper (node:events:435:28)
      at IncomingMessage.emit (node:events:341:22)
      at endReadableNT (node:internal/streams/readable:1294:12)
      at processTicksAndRejections (node:internal/process/task_queues:80:21)

npm manifest: 
  {
      "name": "discord-bot",
      "version": "1.0.0",
      "main": "index.js",
      "repository": "git@git.fakenews.sh:ctfkit/discord-bot.git",
      "author": "Adam LE BON <lebon.adam@gmail.com>",
      "license": "MIT",
      "scripts": {
          "start": "npm run build && node dist/src/server.js",
          "build": "npm run build-ts",
          "test": "jest --forceExit --coverage --verbose",
          "lint": "eslint \"**/*.ts\"",
          "format": "prettier --write .",
          "build-ts": "tsc",
          "watch-ts": "tsc -w",
          "debug": "npm run build && npm run watch-debug",
          "serve-debug": "nodemon --inspect dist/server.js",
          "watch-debug": "concurrently -k -p \"[{name}]\" -n \"Sass,TypeScript,Node\" -c \"yellow.bold,cyan.bold,green.bold\" \"npm run watch-sass\" \"npm run watch-ts\" \"npm run serve-debug\""
      },
      "dependencies": {
          "typescript": "^4.1.2"
      }
  }

yarn manifest: 
  No manifest

Lockfile: 
  # THIS IS AN AUTOGENERATED FILE. DO NOT EDIT THIS FILE DIRECTLY.
  # yarn lockfile v1
  
  
  typescript@^4.1.2:
    version "4.1.2"
    resolved "https://registry.yarnpkg.com/typescript/-/typescript-4.1.2.tgz#6369ef22516fe5e10304aae5a5c4862db55380e9"
    integrity sha512-thGloWsGH3SOxv1SoY7QojKi0tc+8FnOmiarEGMbd/lar7QOEd3hvlx3Fp5y6FlDUGl9L+pd4n2e+oToGMmhRQ==
